Start testing: Mar 23 23:09 CST
----------------------------------------------------------
1/3 Testing: SimpleVector
1/3 Test: SimpleVector
Command: "/Users/yiweichi/HFT/hftlib-claude/build/test_simple_vector"
Directory: /Users/yiweichi/HFT/hftlib-claude/build
"SimpleVector" start time: Mar 23 23:09 CST
Output:
----------------------------------------------------------
=== SimpleVector Tests ===
  [PASS] default constructor
  [PASS] push_back and access
  [PASS] initializer_list
  [PASS] copy constructor
  [PASS] move constructor
  [PASS] emplace_back
  [PASS] reserve
  [PASS] resize
  [PASS] erase
  [PASS] pop_back
  [PASS] at() bounds check
  [PASS] range-for iteration
  [PASS] shrink_to_fit
  [PASS] lifetime tracking (no leaks)
  [PASS] growth strategy (2x, power-of-2)
All SimpleVector tests passed!

<end of output>
Test time =   0.35 sec
----------------------------------------------------------
Test Passed.
"SimpleVector" end time: Mar 23 23:09 CST
"SimpleVector" time elapsed: 00:00:00
----------------------------------------------------------

2/3 Testing: SmartPtr
2/3 Test: SmartPtr
Command: "/Users/yiweichi/HFT/hftlib-claude/build/test_smart_ptr"
Directory: /Users/yiweichi/HFT/hftlib-claude/build
"SmartPtr" start time: Mar 23 23:09 CST
Output:
----------------------------------------------------------
=== UniquePtr Tests ===
  [PASS] UniquePtr basic
  [PASS] UniquePtr move
  [PASS] UniquePtr release/reset
  [PASS] UniquePtr nullptr
  [PASS] UniquePtr array
  [PASS] UniquePtr derived-to-base conversion
  [PASS] UniquePtr custom deleter

=== SharedPtr Tests ===
  [PASS] SharedPtr basic
  [PASS] SharedPtr copy and refcount
  [PASS] SharedPtr move
  [PASS] SharedPtr reset and destruction
  [PASS] SharedPtr nullptr

=== WeakPtr Tests ===
  [PASS] WeakPtr basic
  [PASS] WeakPtr expiry
  [PASS] WeakPtr with multiple shared owners
  [PASS] WeakPtr copy

All SmartPtr tests passed!

<end of output>
Test time =   0.34 sec
----------------------------------------------------------
Test Passed.
"SmartPtr" end time: Mar 23 23:09 CST
"SmartPtr" time elapsed: 00:00:00
----------------------------------------------------------

3/3 Testing: SPSCRingBuffer
3/3 Test: SPSCRingBuffer
Command: "/Users/yiweichi/HFT/hftlib-claude/build/test_spsc_ring_buffer"
Directory: /Users/yiweichi/HFT/hftlib-claude/build
"SPSCRingBuffer" start time: Mar 23 23:09 CST
Output:
----------------------------------------------------------
=== SPSCRingBuffer Tests ===
  [PASS] basic push/pop
  [PASS] full buffer
  [PASS] empty pop
  [PASS] optional pop
  [PASS] emplace
  [PASS] front peek
  [PASS] wraparound (10 rounds)
  [PASS] move-only type
  [PASS] concurrent SPSC (1M messages)
  [PASS] throughput: 20M ops/s, 48.9682 ns/op
All SPSCRingBuffer tests passed!
<end of output>
Test time =   0.93 sec
----------------------------------------------------------
Test Passed.
"SPSCRingBuffer" end time: Mar 23 23:09 CST
"SPSCRingBuffer" time elapsed: 00:00:00
----------------------------------------------------------

End testing: Mar 23 23:09 CST
